#
# A fatal error has been detected by the Java Runtime Environment:
#
#  EXCEPTION_ACCESS_VIOLATION (0xc0000005) at pc=0x0000000069ecc092, pid=13376, tid=0x00000000000008c4
#
# JRE version: Java(TM) SE Runtime Environment (8.0_151-b12) (build 1.8.0_151-b12)
# Java VM: Java HotSpot(TM) 64-Bit Server VM (25.151-b12 mixed mode windows-amd64 compressed oops)
# Problematic frame:
# C  [msvcr100.dll+0x3c092]
#
# Failed to write core dump. Minidumps are not enabled by default on client versions of Windows
#
# If you would like to submit a bug report, please visit:
#   http://bugreport.java.com/bugreport/crash.jsp
#

---------------  T H R E A D  ---------------

Current thread (0x0000000002a02000):  GCTaskThread [stack: 0x0000000012ff0000,0x00000000130f0000] [id=2244]

siginfo: ExceptionCode=0xc0000005, reading address 0x000000077a280000

Registers:
RAX=0x000000000000003f, RBX=0x00000007732c5fb0, RCX=0x00000006c9483458, RDX=0x00000000b0dfcb98
RSP=0x00000000130ef6b8, RBP=0x000000000376e0c8, RSI=0x000000001c555cc0, RDI=0x00000006c24c9418
R8 =0x0000000014bb6640, R9 =0x0000000000000000, R10=0x0000000000000000, R11=0x00000006c24c9418
R12=0x00000000130ef800, R13=0x00000079bd267d09, R14=0x0000000002a02201, R15=0x0000000002a02230
RIP=0x0000000069ecc092, EFLAGS=0x0000000000010216

Top of Stack: (sp=0x00000000130ef6b8)
0x00000000130ef6b8:   00000000696166a3 000000000376e0c8
0x00000000130ef6c8:   000000000376e0c8 000000001c555cc0
0x00000000130ef6d8:   00000079bd267d09 0000000000000000
0x00000000130ef6e8:   00000000699f0886 00000007732c5fb0
0x00000000130ef6f8:   000000000376e0c8 000000001c555cc0
0x00000000130ef708:   00000000130ef800 0000000779662ac8
0x00000000130ef718:   00000000699f0a31 00000007732c5f98
0x00000000130ef728:   000000001c555cc0 0000000002a02220
0x00000000130ef738:   00000000029f6900 00000000130ef800
0x00000000130ef748:   00000000699f3d62 00000007c03d5890
0x00000000130ef758:   0000000000000000 00000000130ef830
0x00000000130ef768:   00000000130ef840 0000000020d92b90
0x00000000130ef778:   00000000699f3680 00000000130ef830
0x00000000130ef788:   0000000000000000 00000000130ef830
0x00000000130ef798:   0000000020d92b90 00000007c03d5828
0x00000000130ef7a8:   0000000069652d6c 0000000069c45bc0 

Instructions: (pc=0x0000000069ecc092)
0x0000000069ecc072:   75 ec 48 81 e9 00 10 00 00 b8 40 00 00 00 4c 8b
0x0000000069ecc082:   0c 0a 4c 8b 54 0a 08 4c 0f c3 09 4c 0f c3 51 08
0x0000000069ecc092:   4c 8b 4c 0a 10 4c 8b 54 0a 18 4c 0f c3 49 10 4c
0x0000000069ecc0a2:   0f c3 51 18 4c 8b 4c 0a 20 4c 8b 54 0a 28 48 83 


Register to memory mapping:

RAX=0x000000000000003f is an unknown value
RBX=0x00000007732c5fb0 is an oop

[error occurred during error reporting (printing register info), id 0xc0000005]

Stack: [0x0000000012ff0000,0x00000000130f0000],  sp=0x00000000130ef6b8,  free space=1021k
Native frames: (J=compiled Java code, j=interpreted, Vv=VM code, C=native code)
C  [msvcr100.dll+0x3c092]
V  [jvm.dll+0x266a3]
V  [jvm.dll+0x400886]
V  [jvm.dll+0x403d62]
V  [jvm.dll+0x403680]
V  [jvm.dll+0x62d6c]
V  [jvm.dll+0x403883]
V  [jvm.dll+0x3f2a0e]
V  [jvm.dll+0x29c3ea]
C  [msvcr100.dll+0x21d9f]
C  [msvcr100.dll+0x21e3b]
C  [KERNEL32.DLL+0x13034]
C  [ntdll.dll+0x73691]


---------------  P R O C E S S  ---------------

Java Threads: ( => current thread )
  0x00000000212d7800 JavaThread "Abandoned connection cleanup thread" daemon [_thread_blocked, id=16012, stack(0x0000000022b90000,0x0000000022c90000)]
  0x0000000021222000 JavaThread "container-0" [_thread_blocked, id=32, stack(0x0000000022890000,0x0000000022990000)]
  0x00000000211b4000 JavaThread "Catalina-utility-1" [_thread_blocked, id=6512, stack(0x0000000022790000,0x0000000022890000)]
  0x000000001f6eb000 JavaThread "RMI Scheduler(0)" daemon [_thread_blocked, id=10932, stack(0x0000000021790000,0x0000000021890000)]
  0x000000001f5a4800 JavaThread "RMI TCP Connection(1)-10.23.29.125" daemon [_thread_in_native, id=13612, stack(0x0000000021690000,0x0000000021790000)]
  0x000000001f5b3000 JavaThread "restartedMain" [_thread_blocked, id=4276, stack(0x00000000204c0000,0x00000000205c0000)]
  0x000000001f5af800 JavaThread "Thread-1" [_thread_blocked, id=2440, stack(0x00000000203c0000,0x00000000204c0000)]
  0x000000001f2de800 JavaThread "RMI TCP Accept-0" daemon [_thread_in_native, id=8468, stack(0x000000001f9d0000,0x000000001fad0000)]
  0x000000001f0c0800 JavaThread "Service Thread" daemon [_thread_blocked, id=11992, stack(0x000000001f8b0000,0x000000001f9b0000)]
  0x000000001e7aa000 JavaThread "C1 CompilerThread3" daemon [_thread_blocked, id=8456, stack(0x000000001efb0000,0x000000001f0b0000)]
  0x000000001e7a3000 JavaThread "C2 CompilerThread2" daemon [_thread_blocked, id=1332, stack(0x000000001eeb0000,0x000000001efb0000)]
  0x000000001e76b800 JavaThread "C2 CompilerThread1" daemon [_thread_blocked, id=3832, stack(0x000000001edb0000,0x000000001eeb0000)]
  0x000000001e76b000 JavaThread "C2 CompilerThread0" daemon [_thread_blocked, id=15972, stack(0x000000001ecb0000,0x000000001edb0000)]
  0x000000001e769000 JavaThread "Monitor Ctrl-Break" daemon [_thread_in_native, id=13284, stack(0x000000001ebb0000,0x000000001ecb0000)]
  0x000000001e4d2000 JavaThread "Attach Listener" daemon [_thread_blocked, id=2652, stack(0x000000001eaa0000,0x000000001eba0000)]
  0x000000001e4d1800 JavaThread "Signal Dispatcher" daemon [_thread_blocked, id=9528, stack(0x000000001e9a0000,0x000000001eaa0000)]
  0x000000001e460800 JavaThread "Finalizer" daemon [_thread_blocked, id=13736, stack(0x000000001e840000,0x000000001e940000)]
  0x0000000002adc000 JavaThread "Reference Handler" daemon [_thread_blocked, id=8536, stack(0x000000001e340000,0x000000001e440000)]
  0x00000000024fc000 JavaThread "main" [_thread_blocked, id=9312, stack(0x00000000023f0000,0x00000000024f0000)]

Other Threads:
  0x000000001c559800 VMThread [stack: 0x000000001e240000,0x000000001e340000] [id=17424]
  0x000000001f2e2800 WatcherThread [stack: 0x000000001fad0000,0x000000001fbd0000] [id=12968]

=>0x0000000002a02000 (exited) GCTaskThread [stack: 0x0000000012ff0000,0x00000000130f0000] [id=2244]

VM state:at safepoint (normal execution)

VM Mutex/Monitor currently owned by a thread:  ([mutex/lock_event])
[0x00000000024fb120] Threads_lock - owner thread: 0x000000001c559800
[0x00000000024fb2a0] Heap_lock - owner thread: 0x000000001f5b3000

Heap:
 PSYoungGen      total 137216K, used 50033K [0x000000076b380000, 0x000000077a280000, 0x00000007c0000000)
  eden space 126464K, 31% used [0x000000076b380000,0x000000076d9e0320,0x0000000772f00000)
  from space 10752K, 99% used [0x0000000772f00000,0x000000077397c3b0,0x0000000773980000)
  to   space 17408K, 54% used [0x0000000779180000,0x0000000779ad1188,0x000000077a280000)
 ParOldGen       total 536064K, used 465126K [0x00000006c1a00000, 0x00000006e2580000, 0x000000076b380000)
  object space 536064K, 86% used [0x00000006c1a00000,0x00000006de039a58,0x00000006e2580000)
 Metaspace       used 33612K, capacity 35308K, committed 35456K, reserved 1079296K
  class space    used 4541K, capacity 4868K, committed 4992K, reserved 1048576K

Card table byte_map: [0x0000000011ea0000,0x00000000126a0000] byte_map_base: 0x000000000e893000

Marking Bits: (ParMarkBitMap*) 0x0000000069e0d850
 Begin Bits: [0x00000000133f0000, 0x0000000017388000)
 End Bits:   [0x0000000017388000, 0x000000001b320000)

Polling page: 0x0000000002500000

CodeCache: size=245760Kb used=6985Kb max_used=6985Kb free=238774Kb
 bounds [0x0000000002ae0000, 0x00000000031c0000, 0x0000000011ae0000]
 total_blobs=3711 nmethods=3282 adapters=341
 compilation: enabled

Compilation events (10 events):
Event: 3.598 Thread 0x000000001e7aa000 3278   !   1       org.springframework.core.SimpleAliasRegistry::getAliases (38 bytes)
Event: 3.598 Thread 0x000000001e7aa000 nmethod 3278 0x00000000031b0d10 code [0x00000000031b0ea0, 0x00000000031b1398]
Event: 3.600 Thread 0x000000001e7aa000 3279       1       org.springframework.cglib.core.Block::getCodeEmitter (5 bytes)
Event: 3.600 Thread 0x000000001e7aa000 nmethod 3279 0x00000000031b1610 code [0x00000000031b1760, 0x00000000031b1870]
Event: 3.600 Thread 0x000000001e7aa000 3280       1       org.springframework.cglib.core.Block::getStart (5 bytes)
Event: 3.600 Thread 0x000000001e7aa000 nmethod 3280 0x00000000031b18d0 code [0x00000000031b1a20, 0x00000000031b1b30]
Event: 3.601 Thread 0x000000001e7aa000 3281       1       org.springframework.cglib.core.MethodWrapper$MethodWrapperKey$$KeyFactoryByCGLIB$$552be97a::equals (183 bytes)
Event: 3.601 Thread 0x000000001e7aa000 nmethod 3281 0x00000000031b1b90 code [0x00000000031b1d20, 0x00000000031b2108]
Event: 3.601 Thread 0x000000001e7aa000 3282       1       org.springframework.beans.factory.support.AbstractBeanFactory::hasDestructionAwareBeanPostProcessors (5 bytes)
Event: 3.601 Thread 0x000000001e7aa000 nmethod 3282 0x00000000031b23d0 code [0x00000000031b2520, 0x00000000031b2630]

GC Heap History (10 events):
Event: 1.745 GC heap after
Heap after GC invocations=2 (full 0):
 PSYoungGen      total 76288K, used 10709K [0x000000076b380000, 0x0000000774880000, 0x00000007c0000000)
  eden space 65536K, 0% used [0x000000076b380000,0x000000076b380000,0x000000076f380000)
  from space 10752K, 99% used [0x000000076fe00000,0x0000000770875628,0x0000000770880000)
  to   space 10752K, 0% used [0x000000076f380000,0x000000076f380000,0x000000076fe00000)
 ParOldGen       total 175104K, used 24K [0x00000006c1a00000, 0x00000006cc500000, 0x000000076b380000)
  object space 175104K, 0% used [0x00000006c1a00000,0x00000006c1a06000,0x00000006cc500000)
 Metaspace       used 20429K, capacity 21084K, committed 21120K, reserved 1067008K
  class space    used 2737K, capacity 2919K, committed 2944K, reserved 1048576K
}
Event: 1.761 GC heap before
{Heap before GC invocations=3 (full 0):
 PSYoungGen      total 76288K, used 13447K [0x000000076b380000, 0x0000000774880000, 0x00000007c0000000)
  eden space 65536K, 4% used [0x000000076b380000,0x000000076b62c788,0x000000076f380000)
  from space 10752K, 99% used [0x000000076fe00000,0x0000000770875628,0x0000000770880000)
  to   space 10752K, 0% used [0x000000076f380000,0x000000076f380000,0x000000076fe00000)
 ParOldGen       total 175104K, used 24K [0x00000006c1a00000, 0x00000006cc500000, 0x000000076b380000)
  object space 175104K, 0% used [0x00000006c1a00000,0x00000006c1a06000,0x00000006cc500000)
 Metaspace       used 20637K, capacity 21222K, committed 21296K, reserved 1067008K
  class space    used 2760K, capacity 2922K, committed 2944K, reserved 1048576K
Event: 1.768 GC heap after
Heap after GC invocations=3 (full 0):
 PSYoungGen      total 76288K, used 5520K [0x000000076b380000, 0x0000000774880000, 0x00000007c0000000)
  eden space 65536K, 0% used [0x000000076b380000,0x000000076b380000,0x000000076f380000)
  from space 10752K, 51% used [0x000000076f380000,0x000000076f8e4280,0x000000076fe00000)
  to   space 10752K, 0% used [0x0000000773e00000,0x0000000773e00000,0x0000000774880000)
 ParOldGen       total 175104K, used 32K [0x00000006c1a00000, 0x00000006cc500000, 0x000000076b380000)
  object space 175104K, 0% used [0x00000006c1a00000,0x00000006c1a08000,0x00000006cc500000)
 Metaspace       used 20637K, capacity 21222K, committed 21296K, reserved 1067008K
  class space    used 2760K, capacity 2922K, committed 2944K, reserved 1048576K
}
Event: 1.768 GC heap before
{Heap before GC invocations=4 (full 1):
 PSYoungGen      total 76288K, used 5520K [0x000000076b380000, 0x0000000774880000, 0x00000007c0000000)
  eden space 65536K, 0% used [0x000000076b380000,0x000000076b380000,0x000000076f380000)
  from space 10752K, 51% used [0x000000076f380000,0x000000076f8e4280,0x000000076fe00000)
  to   space 10752K, 0% used [0x0000000773e00000,0x0000000773e00000,0x0000000774880000)
 ParOldGen       total 175104K, used 32K [0x00000006c1a00000, 0x00000006cc500000, 0x000000076b380000)
  object space 175104K, 0% used [0x00000006c1a00000,0x00000006c1a08000,0x00000006cc500000)
 Metaspace       used 20637K, capacity 21222K, committed 21296K, reserved 1067008K
  class space    used 2760K, capacity 2922K, committed 2944K, reserved 1048576K
Event: 1.803 GC heap after
Heap after GC invocations=4 (full 1):
 PSYoungGen      total 76288K, used 0K [0x000000076b380000, 0x0000000774880000, 0x00000007c0000000)
  eden space 65536K, 0% used [0x000000076b380000,0x000000076b380000,0x000000076f380000)
  from space 10752K, 0% used [0x000000076f380000,0x000000076f380000,0x000000076fe00000)
  to   space 10752K, 0% used [0x0000000773e00000,0x0000000773e00000,0x0000000774880000)
 ParOldGen       total 81920K, used 5388K [0x00000006c1a00000, 0x00000006c6a00000, 0x000000076b380000)
  object space 81920K, 6% used [0x00000006c1a00000,0x00000006c1f430f0,0x00000006c6a00000)
 Metaspace       used 20635K, capacity 21216K, committed 21296K, reserved 1067008K
  class space    used 2759K, capacity 2921K, committed 2944K, reserved 1048576K
}
Event: 2.290 GC heap before
{Heap before GC invocations=5 (full 1):
 PSYoungGen      total 76288K, used 65536K [0x000000076b380000, 0x0000000774880000, 0x00000007c0000000)
  eden space 65536K, 100% used [0x000000076b380000,0x000000076f380000,0x000000076f380000)
  from space 10752K, 0% used [0x000000076f380000,0x000000076f380000,0x000000076fe00000)
  to   space 10752K, 0% used [0x0000000773e00000,0x0000000773e00000,0x0000000774880000)
 ParOldGen       total 81920K, used 5388K [0x00000006c1a00000, 0x00000006c6a00000, 0x000000076b380000)
  object space 81920K, 6% used [0x00000006c1a00000,0x00000006c1f430f0,0x00000006c6a00000)
 Metaspace       used 23654K, capacity 24516K, committed 24704K, reserved 1071104K
  class space    used 3172K, capacity 3389K, committed 3456K, reserved 1048576K
Event: 2.295 GC heap after
Heap after GC invocations=5 (full 1):
 PSYoungGen      total 124928K, used 5691K [0x000000076b380000, 0x0000000774400000, 0x00000007c0000000)
  eden space 118784K, 0% used [0x000000076b380000,0x000000076b380000,0x0000000772780000)
  from space 6144K, 92% used [0x0000000773e00000,0x000000077438ee50,0x0000000774400000)
  to   space 10752K, 0% used [0x0000000772f00000,0x0000000772f00000,0x0000000773980000)
 ParOldGen       total 81920K, used 5460K [0x00000006c1a00000, 0x00000006c6a00000, 0x000000076b380000)
  object space 81920K, 6% used [0x00000006c1a00000,0x00000006c1f55100,0x00000006c6a00000)
 Metaspace       used 23654K, capacity 24516K, committed 24704K, reserved 1071104K
  class space    used 3172K, capacity 3389K, committed 3456K, reserved 1048576K
}
Event: 3.299 GC heap before
{Heap before GC invocations=6 (full 1):
 PSYoungGen      total 124928K, used 124475K [0x000000076b380000, 0x0000000774400000, 0x00000007c0000000)
  eden space 118784K, 100% used [0x000000076b380000,0x0000000772780000,0x0000000772780000)
  from space 6144K, 92% used [0x0000000773e00000,0x000000077438ee50,0x0000000774400000)
  to   space 10752K, 0% used [0x0000000772f00000,0x0000000772f00000,0x0000000773980000)
 ParOldGen       total 81920K, used 5460K [0x00000006c1a00000, 0x00000006c6a00000, 0x000000076b380000)
  object space 81920K, 6% used [0x00000006c1a00000,0x00000006c1f55100,0x00000006c6a00000)
 Metaspace       used 31419K, capacity 32880K, committed 33024K, reserved 1077248K
  class space    used 4237K, capacity 4512K, committed 4608K, reserved 1048576K
Event: 3.310 GC heap after
Heap after GC invocations=6 (full 1):
 PSYoungGen      total 137216K, used 10736K [0x000000076b380000, 0x000000077a280000, 0x00000007c0000000)
  eden space 126464K, 0% used [0x000000076b380000,0x000000076b380000,0x0000000772f00000)
  from space 10752K, 99% used [0x0000000772f00000,0x000000077397c3b0,0x0000000773980000)
  to   space 17408K, 0% used [0x0000000779180000,0x0000000779180000,0x000000077a280000)
 ParOldGen       total 81920K, used 11037K [0x00000006c1a00000, 0x00000006c6a00000, 0x000000076b380000)
  object space 81920K, 13% used [0x00000006c1a00000,0x00000006c24c7418,0x00000006c6a00000)
 Metaspace       used 31419K, capacity 32880K, committed 33024K, reserved 1077248K
  class space    used 4237K, capacity 4512K, committed 4608K, reserved 1048576K
}
Event: 3.603 GC heap before
{Heap before GC invocations=7 (full 1):
 PSYoungGen      total 137216K, used 50033K [0x000000076b380000, 0x000000077a280000, 0x00000007c0000000)
  eden space 126464K, 31% used [0x000000076b380000,0x000000076d9e0320,0x0000000772f00000)
  from space 10752K, 99% used [0x0000000772f00000,0x000000077397c3b0,0x0000000773980000)
  to   space 17408K, 0% used [0x0000000779180000,0x0000000779180000,0x000000077a280000)
 ParOldGen       total 81920K, used 11037K [0x00000006c1a00000, 0x00000006c6a00000, 0x000000076b380000)
  object space 81920K, 13% used [0x00000006c1a00000,0x00000006c24c7418,0x00000006c6a00000)
 Metaspace       used 33612K, capacity 35308K, committed 35456K, reserved 1079296K
  class space    used 4541K, capacity 4868K, committed 4992K, reserved 1048576K

Deoptimization events (0 events):
No events

Internal exceptions (10 events):
Event: 3.577 Thread 0x000000001f5b3000 Exception <a 'java/lang/ArrayIndexOutOfBoundsException'> (0x000000076d5341f0) thrown at [C:\re\workspace\8-2-build-windows-amd64-cygwin\jdk8u151\9699\hotspot\src\share\vm\runtime\sharedRuntime.cpp, line 605]
Event: 3.577 Thread 0x000000001f5b3000 Exception <a 'java/lang/ArrayIndexOutOfBoundsException'> (0x000000076d53f330) thrown at [C:\re\workspace\8-2-build-windows-amd64-cygwin\jdk8u151\9699\hotspot\src\share\vm\runtime\sharedRuntime.cpp, line 605]
Event: 3.578 Thread 0x000000001f5b3000 Exception <a 'java/lang/ArrayIndexOutOfBoundsException'> (0x000000076d549e80) thrown at [C:\re\workspace\8-2-build-windows-amd64-cygwin\jdk8u151\9699\hotspot\src\share\vm\runtime\sharedRuntime.cpp, line 605]
Event: 3.578 Thread 0x000000001f5b3000 Exception <a 'java/lang/ArrayIndexOutOfBoundsException'> (0x000000076d554df0) thrown at [C:\re\workspace\8-2-build-windows-amd64-cygwin\jdk8u151\9699\hotspot\src\share\vm\runtime\sharedRuntime.cpp, line 605]
Event: 3.578 Thread 0x000000001f5b3000 Exception <a 'java/lang/ArrayIndexOutOfBoundsException'> (0x000000076d55f1f0) thrown at [C:\re\workspace\8-2-build-windows-amd64-cygwin\jdk8u151\9699\hotspot\src\share\vm\runtime\sharedRuntime.cpp, line 605]
Event: 3.578 Thread 0x000000001f5b3000 Exception <a 'java/lang/ArrayIndexOutOfBoundsException'> (0x000000076d5693a0) thrown at [C:\re\workspace\8-2-build-windows-amd64-cygwin\jdk8u151\9699\hotspot\src\share\vm\runtime\sharedRuntime.cpp, line 605]
Event: 3.579 Thread 0x000000001f5b3000 Exception <a 'java/lang/ArrayIndexOutOfBoundsException'> (0x000000076d574090) thrown at [C:\re\workspace\8-2-build-windows-amd64-cygwin\jdk8u151\9699\hotspot\src\share\vm\runtime\sharedRuntime.cpp, line 605]
Event: 3.579 Thread 0x000000001f5b3000 Exception <a 'java/lang/ArrayIndexOutOfBoundsException'> (0x000000076d57f570) thrown at [C:\re\workspace\8-2-build-windows-amd64-cygwin\jdk8u151\9699\hotspot\src\share\vm\runtime\sharedRuntime.cpp, line 605]
Event: 3.579 Thread 0x000000001f5b3000 Exception <a 'java/lang/ArrayIndexOutOfBoundsException'> (0x000000076d5899e0) thrown at [C:\re\workspace\8-2-build-windows-amd64-cygwin\jdk8u151\9699\hotspot\src\share\vm\runtime\sharedRuntime.cpp, line 605]
Event: 3.590 Thread 0x000000001f5a4800 Exception <a 'java/lang/reflect/InvocationTargetException'> (0x000000076d740b08) thrown at [C:\re\workspace\8-2-build-windows-amd64-cygwin\jdk8u151\9699\hotspot\src\share\vm\runtime\reflection.cpp, line 1092]

Events (10 events):
Event: 3.597 loading class org/apache/ibatis/session/ResultHandler done
Event: 3.597 loading class org/apache/ibatis/session/RowBounds
Event: 3.597 loading class org/apache/ibatis/session/RowBounds done
Event: 3.597 loading class org/apache/ibatis/cursor/Cursor
Event: 3.597 loading class org/apache/ibatis/cursor/Cursor done
Event: 3.602 loading class org/springframework/jmx/export/annotation/AnnotationJmxAttributeSource
Event: 3.602 loading class org/springframework/jmx/export/annotation/AnnotationJmxAttributeSource done
Event: 3.603 loading class org/springframework/jmx/export/metadata/JmxAttributeSource
Event: 3.603 loading class org/springframework/jmx/export/metadata/JmxAttributeSource done
Event: 3.603 Executing VM operation: CollectForMetadataAllocation


Dynamic libraries:
0x00007ff71a990000 - 0x00007ff71a9c7000 	C:\Program Files\Java\jdk1.8.0_151\bin\java.exe
0x00007ffc0abf0000 - 0x00007ffc0add1000 	C:\WINDOWS\SYSTEM32\ntdll.dll
0x00007ffc0a380000 - 0x00007ffc0a432000 	C:\WINDOWS\System32\KERNEL32.DLL
0x00007ffc07800000 - 0x00007ffc07a73000 	C:\WINDOWS\System32\KERNELBASE.dll
0x00007ffc0a2d0000 - 0x00007ffc0a371000 	C:\WINDOWS\System32\ADVAPI32.dll
0x00007ffc082b0000 - 0x00007ffc0834e000 	C:\WINDOWS\System32\msvcrt.dll
0x00007ffc0ab60000 - 0x00007ffc0abbb000 	C:\WINDOWS\System32\sechost.dll
0x00007ffc09dd0000 - 0x00007ffc09ef4000 	C:\WINDOWS\System32\RPCRT4.dll
0x00007ffc0a140000 - 0x00007ffc0a2d0000 	C:\WINDOWS\System32\USER32.dll
0x00007ffc07dd0000 - 0x00007ffc07df0000 	C:\WINDOWS\System32\win32u.dll
0x00007ffc08350000 - 0x00007ffc08378000 	C:\WINDOWS\System32\GDI32.dll
0x00007ffc07ee0000 - 0x00007ffc08072000 	C:\WINDOWS\System32\gdi32full.dll
0x00007ffc07e40000 - 0x00007ffc07edf000 	C:\WINDOWS\System32\msvcp_win.dll
0x00007ffc07a80000 - 0x00007ffc07b7a000 	C:\WINDOWS\System32\ucrtbase.dll
0x00007ffbf80b0000 - 0x00007ffbf8319000 	C:\WINDOWS\WinSxS\amd64_microsoft.windows.common-controls_6595b64144ccf1df_6.0.17134.472_none_fb3f9af53068156d\COMCTL32.dll
0x00007ffc0a440000 - 0x00007ffc0a762000 	C:\WINDOWS\System32\combase.dll
0x00007ffc07780000 - 0x00007ffc077fa000 	C:\WINDOWS\System32\bcryptPrimitives.dll
0x00007ffc09da0000 - 0x00007ffc09dcd000 	C:\WINDOWS\System32\IMM32.DLL
0x0000000069e90000 - 0x0000000069f62000 	C:\Program Files\Java\jdk1.8.0_151\jre\bin\msvcr100.dll
0x00000000695f0000 - 0x0000000069e8d000 	C:\Program Files\Java\jdk1.8.0_151\jre\bin\server\jvm.dll
0x00007ffc08100000 - 0x00007ffc08108000 	C:\WINDOWS\System32\PSAPI.DLL
0x00007ffc04bc0000 - 0x00007ffc04be3000 	C:\WINDOWS\SYSTEM32\WINMM.dll
0x00007ffc00cd0000 - 0x00007ffc00cd9000 	C:\WINDOWS\SYSTEM32\WSOCK32.dll
0x00007ffc00e40000 - 0x00007ffc00e4a000 	C:\WINDOWS\SYSTEM32\VERSION.dll
0x00007ffc0a880000 - 0x00007ffc0a8ec000 	C:\WINDOWS\System32\WS2_32.dll
0x00007ffc04b90000 - 0x00007ffc04bba000 	C:\WINDOWS\SYSTEM32\winmmbase.dll
0x00007ffc07df0000 - 0x00007ffc07e39000 	C:\WINDOWS\System32\cfgmgr32.dll
0x000000006b110000 - 0x000000006b11f000 	C:\Program Files\Java\jdk1.8.0_151\jre\bin\verify.dll
0x000000006b0e0000 - 0x000000006b109000 	C:\Program Files\Java\jdk1.8.0_151\jre\bin\java.dll
0x0000000068660000 - 0x0000000068683000 	C:\Program Files\Java\jdk1.8.0_151\jre\bin\instrument.dll
0x000000006b0c0000 - 0x000000006b0d6000 	C:\Program Files\Java\jdk1.8.0_151\jre\bin\zip.dll
0x00007ffc088a0000 - 0x00007ffc09ce0000 	C:\WINDOWS\System32\SHELL32.dll
0x00007ffc09cf0000 - 0x00007ffc09d99000 	C:\WINDOWS\System32\shcore.dll
0x00007ffc06fc0000 - 0x00007ffc076cd000 	C:\WINDOWS\System32\windows.storage.dll
0x00007ffc09f00000 - 0x00007ffc09f51000 	C:\WINDOWS\System32\shlwapi.dll
0x00007ffc06f80000 - 0x00007ffc06f91000 	C:\WINDOWS\System32\kernel.appcore.dll
0x00007ffc06f60000 - 0x00007ffc06f7f000 	C:\WINDOWS\System32\profapi.dll
0x00007ffc06f10000 - 0x00007ffc06f5c000 	C:\WINDOWS\System32\powrprof.dll
0x00007ffc06f00000 - 0x00007ffc06f0a000 	C:\WINDOWS\System32\FLTLIB.DLL
0x00007ffbee920000 - 0x00007ffbee93a000 	C:\Program Files\JetBrains\IntelliJ IDEA 2018.2.1\bin\breakgen64.dll
0x000000006b0a0000 - 0x000000006b0ba000 	C:\Program Files\Java\jdk1.8.0_151\jre\bin\net.dll
0x00007ffc06710000 - 0x00007ffc06776000 	C:\WINDOWS\system32\mswsock.dll
0x00007ffc064e0000 - 0x00007ffc0659e000 	C:\WINDOWS\SYSTEM32\DNSAPI.dll
0x00007ffc09ce0000 - 0x00007ffc09ce8000 	C:\WINDOWS\System32\NSI.dll
0x00007ffc06490000 - 0x00007ffc064c8000 	C:\WINDOWS\SYSTEM32\IPHLPAPI.DLL
0x00007ffbf9dc0000 - 0x00007ffbf9dca000 	C:\Windows\System32\rasadhlp.dll
0x00007ffbf88c0000 - 0x00007ffbf8932000 	C:\WINDOWS\System32\fwpuclnt.dll
0x00007ffc069f0000 - 0x00007ffc06a15000 	C:\WINDOWS\SYSTEM32\bcrypt.dll
0x0000000068770000 - 0x000000006877d000 	C:\Program Files\Java\jdk1.8.0_151\jre\bin\management.dll
0x000000006b080000 - 0x000000006b091000 	C:\Program Files\Java\jdk1.8.0_151\jre\bin\nio.dll
0x00007ffc068c0000 - 0x00007ffc068d7000 	C:\WINDOWS\SYSTEM32\CRYPTSP.dll
0x00007ffc062f0000 - 0x00007ffc06323000 	C:\WINDOWS\system32\rsaenh.dll
0x00007ffc06d90000 - 0x00007ffc06db8000 	C:\WINDOWS\SYSTEM32\USERENV.dll
0x00007ffc068e0000 - 0x00007ffc068eb000 	C:\WINDOWS\SYSTEM32\CRYPTBASE.dll
0x00007ffc00f30000 - 0x00007ffc00f46000 	C:\WINDOWS\SYSTEM32\dhcpcsvc6.DLL
0x00007ffc00e20000 - 0x00007ffc00e3a000 	C:\WINDOWS\SYSTEM32\dhcpcsvc.DLL
0x00007ffbeea00000 - 0x00007ffbeea16000 	C:\WINDOWS\system32\napinsp.dll
0x00007ffbeeaa0000 - 0x00007ffbeeaba000 	C:\WINDOWS\system32\pnrpnsp.dll
0x00007ffc037a0000 - 0x00007ffc037b9000 	C:\WINDOWS\system32\NLAapi.dll
0x00007ffbeea70000 - 0x00007ffbeea7e000 	C:\WINDOWS\System32\winrnr.dll
0x00007ffc00a00000 - 0x00007ffc00a15000 	C:\WINDOWS\System32\wshbth.dll
0x00007ffbfaac0000 - 0x00007ffbfac89000 	C:\WINDOWS\SYSTEM32\dbghelp.dll

VM Arguments:
jvm_args: -XX:TieredStopAtLevel=1 -Xverify:none -Dspring.output.ansi.enabled=always -Dcom.sun.management.jmxremote -Dspring.liveBeansView.mbeanDomain -Dspring.application.admin.enabled=true -javaagent:C:\Program Files\JetBrains\IntelliJ IDEA 2018.2.1\lib\idea_rt.jar=55645:C:\Program Files\JetBrains\IntelliJ IDEA 2018.2.1\bin -Dfile.encoding=UTF-8 
java_command: zzg.com.blog.BlogApplication
java_class_path (initial): C:\Program Files\Java\jdk1.8.0_151\jre\lib\charsets.jar;C:\Program Files\Java\jdk1.8.0_151\jre\lib\deploy.jar;C:\Program Files\Java\jdk1.8.0_151\jre\lib\ext\access-bridge-64.jar;C:\Program Files\Java\jdk1.8.0_151\jre\lib\ext\cldrdata.jar;C:\Program Files\Java\jdk1.8.0_151\jre\lib\ext\dnsns.jar;C:\Program Files\Java\jdk1.8.0_151\jre\lib\ext\jaccess.jar;C:\Program Files\Java\jdk1.8.0_151\jre\lib\ext\jfxrt.jar;C:\Program Files\Java\jdk1.8.0_151\jre\lib\ext\localedata.jar;C:\Program Files\Java\jdk1.8.0_151\jre\lib\ext\nashorn.jar;C:\Program Files\Java\jdk1.8.0_151\jre\lib\ext\sunec.jar;C:\Program Files\Java\jdk1.8.0_151\jre\lib\ext\sunjce_provider.jar;C:\Program Files\Java\jdk1.8.0_151\jre\lib\ext\sunmscapi.jar;C:\Program Files\Java\jdk1.8.0_151\jre\lib\ext\sunpkcs11.jar;C:\Program Files\Java\jdk1.8.0_151\jre\lib\ext\zipfs.jar;C:\Program Files\Java\jdk1.8.0_151\jre\lib\javaws.jar;C:\Program Files\Java\jdk1.8.0_151\jre\lib\jce.jar;C:\Program Files\Java\jdk1.8.0_151\jre\lib\jfr.jar;C:\Program Files\Java\jdk1.8.0_151\jre\lib\jfxswt.jar;C:\Program Files\Java\jdk1.8.0_151\jre\lib\jsse.jar;C:\Program Files\Java\jdk1.8.0_151\jre\lib\management-agent.jar;C:\Program Files\Java\jdk1.8.0_151\jre\lib\plugin.jar;C:\Program Files\Java\jdk1.8.0_151\jre\lib\resources.jar;C:\Program Files\Java\jdk1.8.0_151\jre\lib\rt.jar;E:\IDEA_Projects\blog\target\classes;D:\Maven\maven-repository-study\org\springframework\boot\spring-boot-starter-thymeleaf\2.1.2.RELEASE\spring-boot-starter-thymeleaf-2.1.2.RELEASE.jar;D:\Maven\maven-repository-study\org\springframework\boot\spring-boot-starter\2.1.2.RELEASE\spring-boot-starter-2.1.2.RELEASE.jar;D:\Maven\maven-repository-study\org\springframework\boot\spring-boot-starter-logging\2.1.2.RELEASE\spring-boot-starter-logging-2.1.2.RELEASE.jar;D:\Maven\maven-repository-study\ch\qos\logback\logback-classic\1.2.3\logback-classic-1.2.3.jar;D:\Maven\maven-repository-study\ch\qos\logback\logback-core\1.2.3\logback-core-1.2.3.jar;D:\Ma
Launcher Type: SUN_STANDARD

Environment Variables:
JAVA_HOME=C:\Program Files\Java\jdk1.8.0_151
CLASSPATH=.;C:\Program Files\Java\jdk1.8.0_151\lib;C:\Program Files\Java\jdk1.8.0_151\lib\tools.jar
PATH=C:\Program Files (x86)\Common Files\Oracle\Java\javapath;C:\ProgramData\Oracle\Java\javapath;C:\WINDOWS\system32;C:\WINDOWS;C:\WINDOWS\System32\Wbem;C:\WINDOWS\System32\WindowsPowerShell\v1.0\;C:\Program Files\nodejs\;C:\WINDOWS\System32\OpenSSH\;C:\Program Files (x86)\NVIDIA Corporation\PhysX\Common;C:\Program Files\MySQL\MySQL Utilities 1.6\;C:\Program Files (x86)\Pandoc\;"C:\Program Files\Java\jdk1.8.0_151\bin;";C:\Program Files\Git\cmd;E:\myApp\bin;C:\Users\14020\AppData\Local\Programs\Python\Python37;E:\AndroidSDK\tools;E:\AndroidSDK;E:\AndroidSDK\platform-tools;C:\Users\14020\AppData\Local\Microsoft\WindowsApps;C:\Users\14020\AppData\Roaming\npm
USERNAME=14020
OS=Windows_NT
PROCESSOR_IDENTIFIER=Intel64 Family 6 Model 158 Stepping 9, GenuineIntel



---------------  S Y S T E M  ---------------

OS: Windows 10.0 , 64 bit Build 17134 (10.0.17134.1)

CPU:total 8 (initial active 8) (4 cores per cpu, 2 threads per core) family 6 model 158 stepping 9, cmov, cx8, fxsr, mmx, sse, sse2, sse3, ssse3, sse4.1, sse4.2, popcnt, avx, avx2, aes, clmul, erms, 3dnowpref, lzcnt, ht, tsc, tscinvbit, bmi1, bmi2, adx

Memory: 4k page, physical 16663160k(7231592k free), swap 17711736k(4389684k free)

vm_info: Java HotSpot(TM) 64-Bit Server VM (25.151-b12) for windows-amd64 JRE (1.8.0_151-b12), built on Sep  5 2017 19:33:46 by "java_re" with MS VC++ 10.0 (VS2010)

time: Thu Feb 14 14:45:15 2019
elapsed time: 3 seconds (0d 0h 0m 3s)

